Determining if the pthread_create exist failed with the following output:
Change Dir: /home/jacob/seaArm212/build/CMakeFiles/CMakeTmp

Run Build Command:"/usr/bin/make" "cmTC_b668a/fast"
/usr/bin/make -f CMakeFiles/cmTC_b668a.dir/build.make CMakeFiles/cmTC_b668a.dir/build
make[1]: Entering directory '/home/jacob/seaArm212/build/CMakeFiles/CMakeTmp'
Building C object CMakeFiles/cmTC_b668a.dir/CheckSymbolExists.c.o
/usr/bin/cc     -o CMakeFiles/cmTC_b668a.dir/CheckSymbolExists.c.o   -c /home/jacob/seaArm212/build/CMakeFiles/CMakeTmp/CheckSymbolExists.c
Linking C executable cmTC_b668a
/usr/bin/cmake -E cmake_link_script CMakeFiles/cmTC_b668a.dir/link.txt --verbose=1
/usr/bin/cc       CMakeFiles/cmTC_b668a.dir/CheckSymbolExists.c.o  -o cmTC_b668a -rdynamic 
CMakeFiles/cmTC_b668a.dir/CheckSymbolExists.c.o: In function `main':
CheckSymbolExists.c:(.text+0x16): undefined reference to `pthread_create'
collect2: error: ld returned 1 exit status
CMakeFiles/cmTC_b668a.dir/build.make:97: recipe for target 'cmTC_b668a' failed
make[1]: *** [cmTC_b668a] Error 1
make[1]: Leaving directory '/home/jacob/seaArm212/build/CMakeFiles/CMakeTmp'
Makefile:126: recipe for target 'cmTC_b668a/fast' failed
make: *** [cmTC_b668a/fast] Error 2

File /home/jacob/seaArm212/build/CMakeFiles/CMakeTmp/CheckSymbolExists.c:
/* */
#include <pthread.h>

int main(int argc, char** argv)
{
  (void)argv;
#ifndef pthread_create
  return ((int*)(&pthread_create))[argc];
#else
  (void)argc;
  return 0;
#endif
}

Determining if the function pthread_create exists in the pthreads failed with the following output:
Change Dir: /home/jacob/seaArm212/build/CMakeFiles/CMakeTmp

Run Build Command:"/usr/bin/make" "cmTC_ddff1/fast"
/usr/bin/make -f CMakeFiles/cmTC_ddff1.dir/build.make CMakeFiles/cmTC_ddff1.dir/build
make[1]: Entering directory '/home/jacob/seaArm212/build/CMakeFiles/CMakeTmp'
Building C object CMakeFiles/cmTC_ddff1.dir/CheckFunctionExists.c.o
/usr/bin/cc    -DCHECK_FUNCTION_EXISTS=pthread_create   -o CMakeFiles/cmTC_ddff1.dir/CheckFunctionExists.c.o   -c /usr/share/cmake-3.5/Modules/CheckFunctionExists.c
Linking C executable cmTC_ddff1
/usr/bin/cmake -E cmake_link_script CMakeFiles/cmTC_ddff1.dir/link.txt --verbose=1
/usr/bin/cc   -DCHECK_FUNCTION_EXISTS=pthread_create    CMakeFiles/cmTC_ddff1.dir/CheckFunctionExists.c.o  -o cmTC_ddff1 -rdynamic -lpthreads 
/usr/bin/ld: cannot find -lpthreads
collect2: error: ld returned 1 exit status
CMakeFiles/cmTC_ddff1.dir/build.make:97: recipe for target 'cmTC_ddff1' failed
make[1]: *** [cmTC_ddff1] Error 1
make[1]: Leaving directory '/home/jacob/seaArm212/build/CMakeFiles/CMakeTmp'
Makefile:126: recipe for target 'cmTC_ddff1/fast' failed
make: *** [cmTC_ddff1/fast] Error 2


